{"/home/luzinda/Desktop/Capstone/second_capstone_Js/src/modules/Likescount.js": {"path":"/home/luzinda/Desktop/Capstone/second_capstone_Js/src/modules/Likescount.js","statementMap":{"0":{"start":{"line":3,"column":22},"end":{"line":6,"column":1}},"1":{"start":{"line":4,"column":16},"end":{"line":4,"column":35}},"2":{"start":{"line":5,"column":2},"end":{"line":5,"column":22}}},"fnMap":{"0":{"name":"(anonymous_0)","decl":{"start":{"line":3,"column":22},"end":{"line":3,"column":23}},"loc":{"start":{"line":3,"column":34},"end":{"line":6,"column":1}},"line":3}},"branchMap":{},"s":{"0":1,"1":2,"2":2},"f":{"0":2},"b":{},"_coverageSchema":"1a1c01bbd47fc00a2c39e90264f33305004495a9","hash":"8739f4e6937bdfd86c6d00326a2741add058d2c7"}
,"/home/luzinda/Desktop/Capstone/second_capstone_Js/src/modules/comments.js": {"path":"/home/luzinda/Desktop/Capstone/second_capstone_Js/src/modules/comments.js","statementMap":{"0":{"start":{"line":1,"column":22},"end":{"line":8,"column":1}},"1":{"start":{"line":2,"column":13},"end":{"line":2,"column":39}},"2":{"start":{"line":3,"column":17},"end":{"line":3,"column":47}},"3":{"start":{"line":4,"column":14},"end":{"line":4,"column":120}},"4":{"start":{"line":5,"column":20},"end":{"line":5,"column":36}},"5":{"start":{"line":6,"column":2},"end":{"line":6,"column":41}},"6":{"start":{"line":7,"column":2},"end":{"line":7,"column":21}},"7":{"start":{"line":10,"column":20},"end":{"line":29,"column":1}},"8":{"start":{"line":11,"column":23},"end":{"line":11,"column":63}},"9":{"start":{"line":12,"column":13},"end":{"line":12,"column":41}},"10":{"start":{"line":13,"column":2},"end":{"line":13,"column":30}},"11":{"start":{"line":14,"column":22},"end":{"line":14,"column":43}},"12":{"start":{"line":15,"column":2},"end":{"line":15,"column":101}},"13":{"start":{"line":16,"column":2},"end":{"line":25,"column":5}},"14":{"start":{"line":17,"column":15},"end":{"line":17,"column":43}},"15":{"start":{"line":18,"column":4},"end":{"line":23,"column":6}},"16":{"start":{"line":24,"column":4},"end":{"line":24,"column":23}},"17":{"start":{"line":26,"column":2},"end":{"line":26,"column":30}},"18":{"start":{"line":27,"column":2},"end":{"line":27,"column":26}},"19":{"start":{"line":28,"column":2},"end":{"line":28,"column":21}},"20":{"start":{"line":31,"column":20},"end":{"line":51,"column":1}},"21":{"start":{"line":32,"column":17},"end":{"line":32,"column":47}},"22":{"start":{"line":33,"column":13},"end":{"line":33,"column":39}},"23":{"start":{"line":34,"column":14},"end":{"line":34,"column":107}},"24":{"start":{"line":35,"column":22},"end":{"line":48,"column":4}},"25":{"start":{"line":49,"column":2},"end":{"line":49,"column":16}},"26":{"start":{"line":50,"column":2},"end":{"line":50,"column":21}},"27":{"start":{"line":53,"column":0},"end":{"line":53,"column":61}}},"fnMap":{"0":{"name":"(anonymous_0)","decl":{"start":{"line":1,"column":22},"end":{"line":1,"column":23}},"loc":{"start":{"line":1,"column":34},"end":{"line":8,"column":1}},"line":1},"1":{"name":"(anonymous_1)","decl":{"start":{"line":10,"column":20},"end":{"line":10,"column":21}},"loc":{"start":{"line":10,"column":32},"end":{"line":29,"column":1}},"line":10},"2":{"name":"(anonymous_2)","decl":{"start":{"line":16,"column":22},"end":{"line":16,"column":23}},"loc":{"start":{"line":16,"column":31},"end":{"line":25,"column":3}},"line":16},"3":{"name":"(anonymous_3)","decl":{"start":{"line":31,"column":20},"end":{"line":31,"column":21}},"loc":{"start":{"line":31,"column":45},"end":{"line":51,"column":1}},"line":31}},"branchMap":{"0":{"loc":{"start":{"line":15,"column":57},"end":{"line":15,"column":100}},"type":"cond-expr","locations":[{"start":{"line":15,"column":78},"end":{"line":15,"column":96}},{"start":{"line":15,"column":99},"end":{"line":15,"column":100}}],"line":15}},"s":{"0":1,"1":2,"2":2,"3":2,"4":2,"5":2,"6":2,"7":1,"8":0,"9":0,"10":0,"11":0,"12":0,"13":0,"14":0,"15":0,"16":0,"17":0,"18":0,"19":0,"20":1,"21":0,"22":0,"23":0,"24":0,"25":0,"26":0,"27":1},"f":{"0":2,"1":0,"2":0,"3":0},"b":{"0":[0,0]},"_coverageSchema":"1a1c01bbd47fc00a2c39e90264f33305004495a9","hash":"92c539df599f41568b98fd4c87549ddc8d450736"}
,"/home/luzinda/Desktop/Capstone/second_capstone_Js/src/modules/commentscount.js": {"path":"/home/luzinda/Desktop/Capstone/second_capstone_Js/src/modules/commentscount.js","statementMap":{"0":{"start":{"line":3,"column":23},"end":{"line":6,"column":1}},"1":{"start":{"line":4,"column":19},"end":{"line":4,"column":40}},"2":{"start":{"line":5,"column":2},"end":{"line":5,"column":18}}},"fnMap":{"0":{"name":"(anonymous_0)","decl":{"start":{"line":3,"column":23},"end":{"line":3,"column":24}},"loc":{"start":{"line":3,"column":35},"end":{"line":6,"column":1}},"line":3}},"branchMap":{},"s":{"0":1,"1":2,"2":2},"f":{"0":2},"b":{},"_coverageSchema":"1a1c01bbd47fc00a2c39e90264f33305004495a9","hash":"31cb79583ddcaa30a1ddf4b5b4580276fa3d72e1"}
,"/home/luzinda/Desktop/Capstone/second_capstone_Js/src/modules/likesCounter.js": {"path":"/home/luzinda/Desktop/Capstone/second_capstone_Js/src/modules/likesCounter.js","statementMap":{"0":{"start":{"line":1,"column":20},"end":{"line":10,"column":1}},"1":{"start":{"line":2,"column":2},"end":{"line":9,"column":3}},"2":{"start":{"line":3,"column":19},"end":{"line":3,"column":49}},"3":{"start":{"line":4,"column":16},"end":{"line":4,"column":106}},"4":{"start":{"line":5,"column":18},"end":{"line":5,"column":34}},"5":{"start":{"line":6,"column":4},"end":{"line":6,"column":30}},"6":{"start":{"line":8,"column":4},"end":{"line":8,"column":14}},"7":{"start":{"line":12,"column":16},"end":{"line":24,"column":1}},"8":{"start":{"line":13,"column":17},"end":{"line":13,"column":47}},"9":{"start":{"line":14,"column":14},"end":{"line":14,"column":104}},"10":{"start":{"line":15,"column":22},"end":{"line":22,"column":4}},"11":{"start":{"line":23,"column":2},"end":{"line":23,"column":21}},"12":{"start":{"line":26,"column":21},"end":{"line":37,"column":1}},"13":{"start":{"line":27,"column":18},"end":{"line":27,"column":58}},"14":{"start":{"line":28,"column":2},"end":{"line":36,"column":5}},"15":{"start":{"line":29,"column":4},"end":{"line":35,"column":7}},"16":{"start":{"line":30,"column":17},"end":{"line":30,"column":39}},"17":{"start":{"line":31,"column":6},"end":{"line":31,"column":18}},"18":{"start":{"line":32,"column":18},"end":{"line":32,"column":47}},"19":{"start":{"line":33,"column":21},"end":{"line":33,"column":52}},"20":{"start":{"line":34,"column":6},"end":{"line":34,"column":55}},"21":{"start":{"line":39,"column":0},"end":{"line":39,"column":47}}},"fnMap":{"0":{"name":"(anonymous_0)","decl":{"start":{"line":1,"column":20},"end":{"line":1,"column":21}},"loc":{"start":{"line":1,"column":32},"end":{"line":10,"column":1}},"line":1},"1":{"name":"(anonymous_1)","decl":{"start":{"line":12,"column":16},"end":{"line":12,"column":17}},"loc":{"start":{"line":12,"column":30},"end":{"line":24,"column":1}},"line":12},"2":{"name":"(anonymous_2)","decl":{"start":{"line":26,"column":21},"end":{"line":26,"column":22}},"loc":{"start":{"line":26,"column":27},"end":{"line":37,"column":1}},"line":26},"3":{"name":"(anonymous_3)","decl":{"start":{"line":28,"column":18},"end":{"line":28,"column":19}},"loc":{"start":{"line":28,"column":27},"end":{"line":36,"column":3}},"line":28},"4":{"name":"(anonymous_4)","decl":{"start":{"line":29,"column":34},"end":{"line":29,"column":35}},"loc":{"start":{"line":29,"column":40},"end":{"line":35,"column":5}},"line":29}},"branchMap":{},"s":{"0":1,"1":2,"2":2,"3":2,"4":2,"5":2,"6":0,"7":1,"8":0,"9":0,"10":0,"11":0,"12":1,"13":0,"14":0,"15":0,"16":0,"17":0,"18":0,"19":0,"20":0,"21":1},"f":{"0":2,"1":0,"2":0,"3":0,"4":0},"b":{},"_coverageSchema":"1a1c01bbd47fc00a2c39e90264f33305004495a9","hash":"19dea6e08cd602658d88367f87fb65d77d42cda4"}
,"/home/luzinda/Desktop/Capstone/second_capstone_Js/src/modules/moviesCounter.js": {"path":"/home/luzinda/Desktop/Capstone/second_capstone_Js/src/modules/moviesCounter.js","statementMap":{"0":{"start":{"line":1,"column":20},"end":{"line":9,"column":1}},"1":{"start":{"line":2,"column":2},"end":{"line":8,"column":3}},"2":{"start":{"line":3,"column":18},"end":{"line":3,"column":61}},"3":{"start":{"line":4,"column":4},"end":{"line":4,"column":35}},"4":{"start":{"line":5,"column":4},"end":{"line":5,"column":19}},"5":{"start":{"line":7,"column":4},"end":{"line":7,"column":14}},"6":{"start":{"line":10,"column":0},"end":{"line":10,"column":33}}},"fnMap":{"0":{"name":"(anonymous_0)","decl":{"start":{"line":1,"column":20},"end":{"line":1,"column":21}},"loc":{"start":{"line":1,"column":32},"end":{"line":9,"column":1}},"line":1}},"branchMap":{},"s":{"0":1,"1":2,"2":2,"3":1,"4":1,"5":1,"6":1},"f":{"0":2},"b":{},"_coverageSchema":"1a1c01bbd47fc00a2c39e90264f33305004495a9","hash":"0732c53b36dfd25bc1a7a50b75f3de5b52ea2248"}
}
