{"/Users/chaseknis/Documents/Module 2/second_capstone_Js/src/modules/comments.js": {"path":"/Users/chaseknis/Documents/Module 2/second_capstone_Js/src/modules/comments.js","statementMap":{"0":{"start":{"line":1,"column":22},"end":{"line":8,"column":1}},"1":{"start":{"line":2,"column":13},"end":{"line":2,"column":39}},"2":{"start":{"line":3,"column":17},"end":{"line":3,"column":47}},"3":{"start":{"line":4,"column":14},"end":{"line":4,"column":120}},"4":{"start":{"line":5,"column":20},"end":{"line":5,"column":36}},"5":{"start":{"line":6,"column":2},"end":{"line":6,"column":41}},"6":{"start":{"line":7,"column":2},"end":{"line":7,"column":21}},"7":{"start":{"line":10,"column":20},"end":{"line":28,"column":1}},"8":{"start":{"line":11,"column":23},"end":{"line":11,"column":63}},"9":{"start":{"line":12,"column":13},"end":{"line":12,"column":41}},"10":{"start":{"line":13,"column":22},"end":{"line":13,"column":43}},"11":{"start":{"line":14,"column":2},"end":{"line":14,"column":101}},"12":{"start":{"line":15,"column":2},"end":{"line":24,"column":5}},"13":{"start":{"line":16,"column":15},"end":{"line":16,"column":43}},"14":{"start":{"line":17,"column":4},"end":{"line":22,"column":6}},"15":{"start":{"line":23,"column":4},"end":{"line":23,"column":23}},"16":{"start":{"line":25,"column":2},"end":{"line":25,"column":30}},"17":{"start":{"line":26,"column":2},"end":{"line":26,"column":26}},"18":{"start":{"line":27,"column":2},"end":{"line":27,"column":21}},"19":{"start":{"line":30,"column":20},"end":{"line":50,"column":1}},"20":{"start":{"line":31,"column":17},"end":{"line":31,"column":47}},"21":{"start":{"line":32,"column":13},"end":{"line":32,"column":39}},"22":{"start":{"line":33,"column":14},"end":{"line":33,"column":107}},"23":{"start":{"line":34,"column":22},"end":{"line":47,"column":4}},"24":{"start":{"line":48,"column":2},"end":{"line":48,"column":16}},"25":{"start":{"line":49,"column":2},"end":{"line":49,"column":21}},"26":{"start":{"line":52,"column":0},"end":{"line":52,"column":61}}},"fnMap":{"0":{"name":"(anonymous_0)","decl":{"start":{"line":1,"column":22},"end":{"line":1,"column":23}},"loc":{"start":{"line":1,"column":34},"end":{"line":8,"column":1}},"line":1},"1":{"name":"(anonymous_1)","decl":{"start":{"line":10,"column":20},"end":{"line":10,"column":21}},"loc":{"start":{"line":10,"column":32},"end":{"line":28,"column":1}},"line":10},"2":{"name":"(anonymous_2)","decl":{"start":{"line":15,"column":22},"end":{"line":15,"column":23}},"loc":{"start":{"line":15,"column":31},"end":{"line":24,"column":3}},"line":15},"3":{"name":"(anonymous_3)","decl":{"start":{"line":30,"column":20},"end":{"line":30,"column":21}},"loc":{"start":{"line":30,"column":45},"end":{"line":50,"column":1}},"line":30}},"branchMap":{"0":{"loc":{"start":{"line":14,"column":57},"end":{"line":14,"column":100}},"type":"cond-expr","locations":[{"start":{"line":14,"column":78},"end":{"line":14,"column":96}},{"start":{"line":14,"column":99},"end":{"line":14,"column":100}}],"line":14}},"s":{"0":1,"1":2,"2":2,"3":2,"4":2,"5":2,"6":2,"7":1,"8":0,"9":0,"10":0,"11":0,"12":0,"13":0,"14":0,"15":0,"16":0,"17":0,"18":0,"19":1,"20":0,"21":0,"22":0,"23":0,"24":0,"25":0,"26":1},"f":{"0":2,"1":0,"2":0,"3":0},"b":{"0":[0,0]},"_coverageSchema":"1a1c01bbd47fc00a2c39e90264f33305004495a9","hash":"4a8814923e82110eb77f68e4f3743ff180e0969c"}
,"/Users/chaseknis/Documents/Module 2/second_capstone_Js/src/modules/commentscount.js": {"path":"/Users/chaseknis/Documents/Module 2/second_capstone_Js/src/modules/commentscount.js","statementMap":{"0":{"start":{"line":3,"column":23},"end":{"line":6,"column":1}},"1":{"start":{"line":4,"column":19},"end":{"line":4,"column":40}},"2":{"start":{"line":5,"column":2},"end":{"line":5,"column":18}}},"fnMap":{"0":{"name":"(anonymous_0)","decl":{"start":{"line":3,"column":23},"end":{"line":3,"column":24}},"loc":{"start":{"line":3,"column":35},"end":{"line":6,"column":1}},"line":3}},"branchMap":{},"s":{"0":1,"1":2,"2":2},"f":{"0":2},"b":{},"_coverageSchema":"1a1c01bbd47fc00a2c39e90264f33305004495a9","hash":"face42d3f54df38b3d59ea35985e25f05df88b7a"}
,"/Users/chaseknis/Documents/Module 2/second_capstone_Js/src/modules/moviesCounter.js": {"path":"/Users/chaseknis/Documents/Module 2/second_capstone_Js/src/modules/moviesCounter.js","statementMap":{"0":{"start":{"line":1,"column":20},"end":{"line":9,"column":1}},"1":{"start":{"line":2,"column":2},"end":{"line":8,"column":3}},"2":{"start":{"line":3,"column":18},"end":{"line":3,"column":61}},"3":{"start":{"line":4,"column":4},"end":{"line":4,"column":35}},"4":{"start":{"line":5,"column":4},"end":{"line":5,"column":19}},"5":{"start":{"line":7,"column":4},"end":{"line":7,"column":14}},"6":{"start":{"line":10,"column":0},"end":{"line":10,"column":33}}},"fnMap":{"0":{"name":"(anonymous_0)","decl":{"start":{"line":1,"column":20},"end":{"line":1,"column":21}},"loc":{"start":{"line":1,"column":32},"end":{"line":9,"column":1}},"line":1}},"branchMap":{},"s":{"0":1,"1":2,"2":2,"3":1,"4":1,"5":1,"6":1},"f":{"0":2},"b":{},"_coverageSchema":"1a1c01bbd47fc00a2c39e90264f33305004495a9","hash":"b03f922bedb28d88098d490a67a8d4e957031999"}
}
